<?xml version="1.0" encoding="UTF-8"?>
<testsuite name="StringCalculatorTest" tests="5" skipped="0" failures="0" errors="0" timestamp="2020-07-28T01:51:00" hostname="admin2-ThinkCentre-M72e" time="0.012">
  <properties/>
  <testcase name="handleNewLinesBetweenIntegers" classname="StringCalculatorTest" time="0.005"/>
  <testcase name="handleNumbersGreaterThanThousand" classname="StringCalculatorTest" time="0.001"/>
  <testcase name="handleNegativeValues" classname="StringCalculatorTest" time="0.005"/>
  <testcase name="emptyString" classname="StringCalculatorTest" time="0.0"/>
  <testcase name="multipleIntegers" classname="StringCalculatorTest" time="0.0"/>
  <system-out><![CDATA[ 'ERROR: negatives not allowed -1
 'ERROR: negatives not allowed -2
 'ERROR: negatives not allowed -3
]]></system-out>
  <system-err><![CDATA[]]></system-err>
</testsuite>
